{"D:\\MyFiles\\coding\\blog-app-node\\models\\User.js": {"path":"D:\\MyFiles\\coding\\blog-app-node\\models\\User.js","statementMap":{"0":{"start":{"line":1,"column":17},"end":{"line":1,"column":36}},"1":{"start":{"line":2,"column":15},"end":{"line":2,"column":32}},"2":{"start":{"line":4,"column":19},"end":{"line":10,"column":2}},"3":{"start":{"line":12,"column":0},"end":{"line":14,"column":2}},"4":{"start":{"line":13,"column":2},"end":{"line":13,"column":49}},"5":{"start":{"line":16,"column":0},"end":{"line":16,"column":52}}},"fnMap":{"0":{"name":"(anonymous_0)","decl":{"start":{"line":12,"column":35},"end":{"line":12,"column":36}},"loc":{"start":{"line":12,"column":54},"end":{"line":14,"column":1}},"line":12}},"branchMap":{},"s":{"0":1,"1":1,"2":1,"3":1,"4":0,"5":1},"f":{"0":0},"b":{},"_coverageSchema":"1a1c01bbd47fc00a2c39e90264f33305004495a9","hash":"e39383dcca2bfd2bcc3f76d98408291637006246"}
,"D:\\MyFiles\\coding\\blog-app-node\\routes\\auth.js": {"path":"D:\\MyFiles\\coding\\blog-app-node\\routes\\auth.js","statementMap":{"0":{"start":{"line":1,"column":16},"end":{"line":1,"column":34}},"1":{"start":{"line":2,"column":15},"end":{"line":2,"column":31}},"2":{"start":{"line":3,"column":13},"end":{"line":3,"column":38}},"3":{"start":{"line":4,"column":15},"end":{"line":4,"column":32}},"4":{"start":{"line":5,"column":17},"end":{"line":5,"column":36}},"5":{"start":{"line":6,"column":22},"end":{"line":6,"column":56}},"6":{"start":{"line":8,"column":0},"end":{"line":16,"column":3}},"7":{"start":{"line":10,"column":17},"end":{"line":10,"column":46}},"8":{"start":{"line":11,"column":4},"end":{"line":13,"column":5}},"9":{"start":{"line":12,"column":6},"end":{"line":12,"column":77}},"10":{"start":{"line":14,"column":4},"end":{"line":14,"column":28}},"11":{"start":{"line":17,"column":0},"end":{"line":17,"column":60}},"12":{"start":{"line":17,"column":39},"end":{"line":17,"column":58}},"13":{"start":{"line":18,"column":0},"end":{"line":18,"column":89}},"14":{"start":{"line":18,"column":39},"end":{"line":18,"column":87}},"15":{"start":{"line":18,"column":70},"end":{"line":18,"column":86}},"16":{"start":{"line":20,"column":0},"end":{"line":20,"column":62}},"17":{"start":{"line":20,"column":38},"end":{"line":20,"column":60}},"18":{"start":{"line":21,"column":0},"end":{"line":25,"column":3}},"19":{"start":{"line":22,"column":15},"end":{"line":22,"column":55}},"20":{"start":{"line":23,"column":2},"end":{"line":23,"column":53}},"21":{"start":{"line":24,"column":2},"end":{"line":24,"column":25}},"22":{"start":{"line":27,"column":0},"end":{"line":27,"column":56}},"23":{"start":{"line":27,"column":35},"end":{"line":27,"column":54}},"24":{"start":{"line":28,"column":0},"end":{"line":32,"column":4}},"25":{"start":{"line":34,"column":0},"end":{"line":36,"column":3}},"26":{"start":{"line":35,"column":2},"end":{"line":35,"column":38}},"27":{"start":{"line":35,"column":19},"end":{"line":35,"column":36}},"28":{"start":{"line":38,"column":0},"end":{"line":38,"column":24}}},"fnMap":{"0":{"name":"(anonymous_0)","decl":{"start":{"line":9,"column":2},"end":{"line":9,"column":3}},"loc":{"start":{"line":9,"column":35},"end":{"line":15,"column":3}},"line":9},"1":{"name":"(anonymous_1)","decl":{"start":{"line":17,"column":23},"end":{"line":17,"column":24}},"loc":{"start":{"line":17,"column":39},"end":{"line":17,"column":58}},"line":17},"2":{"name":"(anonymous_2)","decl":{"start":{"line":18,"column":25},"end":{"line":18,"column":26}},"loc":{"start":{"line":18,"column":39},"end":{"line":18,"column":87}},"line":18},"3":{"name":"(anonymous_3)","decl":{"start":{"line":18,"column":62},"end":{"line":18,"column":63}},"loc":{"start":{"line":18,"column":70},"end":{"line":18,"column":86}},"line":18},"4":{"name":"(anonymous_4)","decl":{"start":{"line":20,"column":24},"end":{"line":20,"column":25}},"loc":{"start":{"line":20,"column":38},"end":{"line":20,"column":60}},"line":20},"5":{"name":"(anonymous_5)","decl":{"start":{"line":21,"column":25},"end":{"line":21,"column":26}},"loc":{"start":{"line":21,"column":45},"end":{"line":25,"column":1}},"line":21},"6":{"name":"(anonymous_6)","decl":{"start":{"line":27,"column":21},"end":{"line":27,"column":22}},"loc":{"start":{"line":27,"column":35},"end":{"line":27,"column":54}},"line":27},"7":{"name":"(anonymous_7)","decl":{"start":{"line":34,"column":22},"end":{"line":34,"column":23}},"loc":{"start":{"line":34,"column":36},"end":{"line":36,"column":1}},"line":34},"8":{"name":"(anonymous_8)","decl":{"start":{"line":35,"column":13},"end":{"line":35,"column":14}},"loc":{"start":{"line":35,"column":19},"end":{"line":35,"column":36}},"line":35}},"branchMap":{"0":{"loc":{"start":{"line":11,"column":4},"end":{"line":13,"column":5}},"type":"if","locations":[{"start":{"line":11,"column":4},"end":{"line":13,"column":5}},{"start":{},"end":{}}],"line":11},"1":{"loc":{"start":{"line":11,"column":8},"end":{"line":11,"column":54}},"type":"binary-expr","locations":[{"start":{"line":11,"column":8},"end":{"line":11,"column":13}},{"start":{"line":11,"column":17},"end":{"line":11,"column":54}}],"line":11}},"s":{"0":1,"1":1,"2":1,"3":1,"4":1,"5":1,"6":1,"7":0,"8":0,"9":0,"10":0,"11":1,"12":0,"13":1,"14":0,"15":0,"16":1,"17":0,"18":1,"19":0,"20":0,"21":0,"22":1,"23":1,"24":1,"25":1,"26":1,"27":1,"28":1},"f":{"0":0,"1":0,"2":0,"3":0,"4":0,"5":0,"6":1,"7":1,"8":1},"b":{"0":[0,0],"1":[0,0]},"_coverageSchema":"1a1c01bbd47fc00a2c39e90264f33305004495a9","hash":"56fa142607ae684b841689c4a46ece374e44064b"}
}
